\BOOKMARK [0][-]{chapter.1}{\376\377\0001\000\040\000N\000a\000m\000e\000s\000p\000a\000c\000e\000\040\000I\000n\000d\000e\000x}{}% 1
\BOOKMARK [1][-]{section.1.1}{\376\377\0001\000.\0001\000\040\000P\000a\000c\000k\000a\000g\000e\000s}{chapter.1}% 2
\BOOKMARK [0][-]{chapter.2}{\376\377\0002\000\040\000H\000i\000e\000r\000a\000r\000c\000h\000i\000c\000a\000l\000\040\000I\000n\000d\000e\000x}{}% 3
\BOOKMARK [1][-]{section.2.1}{\376\377\0002\000.\0001\000\040\000C\000l\000a\000s\000s\000\040\000H\000i\000e\000r\000a\000r\000c\000h\000y}{chapter.2}% 4
\BOOKMARK [0][-]{chapter.3}{\376\377\0003\000\040\000C\000l\000a\000s\000s\000\040\000I\000n\000d\000e\000x}{}% 5
\BOOKMARK [1][-]{section.3.1}{\376\377\0003\000.\0001\000\040\000C\000l\000a\000s\000s\000\040\000L\000i\000s\000t}{chapter.3}% 6
\BOOKMARK [0][-]{chapter.4}{\376\377\0004\000\040\000F\000i\000l\000e\000\040\000I\000n\000d\000e\000x}{}% 7
\BOOKMARK [1][-]{section.4.1}{\376\377\0004\000.\0001\000\040\000F\000i\000l\000e\000\040\000L\000i\000s\000t}{chapter.4}% 8
\BOOKMARK [0][-]{chapter.5}{\376\377\0005\000\040\000N\000a\000m\000e\000s\000p\000a\000c\000e\000\040\000D\000o\000c\000u\000m\000e\000n\000t\000a\000t\000i\000o\000n}{}% 9
\BOOKMARK [1][-]{section.5.1}{\376\377\0005\000.\0001\000\040\000P\000a\000c\000k\000a\000g\000e\000\040\000e\000s}{chapter.5}% 10
\BOOKMARK [1][-]{section.5.2}{\376\377\0005\000.\0002\000\040\000P\000a\000c\000k\000a\000g\000e\000\040\000e\000s\000.\000u\000l\000l}{chapter.5}% 11
\BOOKMARK [1][-]{section.5.3}{\376\377\0005\000.\0003\000\040\000P\000a\000c\000k\000a\000g\000e\000\040\000e\000s\000.\000u\000l\000l\000.\000e\000s\000i\000t}{chapter.5}% 12
\BOOKMARK [1][-]{section.5.4}{\376\377\0005\000.\0004\000\040\000P\000a\000c\000k\000a\000g\000e\000\040\000e\000s\000.\000u\000l\000l\000.\000e\000s\000i\000t\000.\000u\000t\000i\000l\000i\000t\000i\000e\000s}{chapter.5}% 13
\BOOKMARK [1][-]{section.5.5}{\376\377\0005\000.\0005\000\040\000P\000a\000c\000k\000a\000g\000e\000\040\000e\000s\000.\000u\000l\000l\000.\000e\000s\000i\000t\000.\000u\000t\000i\000l\000s}{chapter.5}% 14
\BOOKMARK [1][-]{section.5.6}{\376\377\0005\000.\0006\000\040\000P\000a\000c\000k\000a\000g\000e\000\040\000t\000o\000p}{chapter.5}% 15
\BOOKMARK [0][-]{chapter.6}{\376\377\0006\000\040\000C\000l\000a\000s\000s\000\040\000D\000o\000c\000u\000m\000e\000n\000t\000a\000t\000i\000o\000n}{}% 16
\BOOKMARK [1][-]{section.6.1}{\376\377\0006\000.\0001\000\040\000e\000s\000.\000u\000l\000l\000.\000e\000s\000i\000t\000.\000u\000t\000i\000l\000i\000t\000i\000e\000s\000.\000B\000e\000l\000l\000m\000a\000n\000F\000o\000r\000d\000\040\000C\000l\000a\000s\000s\000\040\000R\000e\000f\000e\000r\000e\000n\000c\000e}{chapter.6}% 17
\BOOKMARK [2][-]{subsection.6.1.1}{\376\377\0006\000.\0001\000.\0001\000\040\000D\000e\000t\000a\000i\000l\000e\000d\000\040\000D\000e\000s\000c\000r\000i\000p\000t\000i\000o\000n}{section.6.1}% 18
\BOOKMARK [2][-]{subsection.6.1.2}{\376\377\0006\000.\0001\000.\0002\000\040\000C\000o\000n\000s\000t\000r\000u\000c\000t\000o\000r\000\040\000\046\000\040\000D\000e\000s\000t\000r\000u\000c\000t\000o\000r\000\040\000D\000o\000c\000u\000m\000e\000n\000t\000a\000t\000i\000o\000n}{section.6.1}% 19
\BOOKMARK [3][-]{subsubsection.6.1.2.1}{\376\377\0006\000.\0001\000.\0002\000.\0001\000\040\000B\000e\000l\000l\000m\000a\000n\000F\000o\000r\000d\000\050\000\051}{subsection.6.1.2}% 20
\BOOKMARK [2][-]{subsection.6.1.3}{\376\377\0006\000.\0001\000.\0003\000\040\000M\000e\000m\000b\000e\000r\000\040\000F\000u\000n\000c\000t\000i\000o\000n\000\040\000D\000o\000c\000u\000m\000e\000n\000t\000a\000t\000i\000o\000n}{section.6.1}% 21
\BOOKMARK [3][-]{subsubsection.6.1.3.1}{\376\377\0006\000.\0001\000.\0003\000.\0001\000\040\000c\000a\000l\000c\000u\000l\000a\000t\000e\000E\000d\000g\000e\000s\000\050\000\051}{subsection.6.1.3}% 22
\BOOKMARK [3][-]{subsubsection.6.1.3.2}{\376\377\0006\000.\0001\000.\0003\000.\0002\000\040\000g\000e\000t\000D\000i\000s\000t\000a\000n\000c\000e\000s\000\050\000\051}{subsection.6.1.3}% 23
\BOOKMARK [3][-]{subsubsection.6.1.3.3}{\376\377\0006\000.\0001\000.\0003\000.\0003\000\040\000g\000e\000t\000V\000a\000l\000u\000e\000\050\000\051}{subsection.6.1.3}% 24
\BOOKMARK [3][-]{subsubsection.6.1.3.4}{\376\377\0006\000.\0001\000.\0003\000.\0004\000\040\000s\000o\000l\000v\000e\000\050\000\051}{subsection.6.1.3}% 25
\BOOKMARK [2][-]{subsection.6.1.4}{\376\377\0006\000.\0001\000.\0004\000\040\000M\000e\000m\000b\000e\000r\000\040\000D\000a\000t\000a\000\040\000D\000o\000c\000u\000m\000e\000n\000t\000a\000t\000i\000o\000n}{section.6.1}% 26
\BOOKMARK [3][-]{subsubsection.6.1.4.1}{\376\377\0006\000.\0001\000.\0004\000.\0001\000\040\000d\000i\000s\000t\000a\000n\000c\000e\000M\000a\000t\000r\000i\000x}{subsection.6.1.4}% 27
\BOOKMARK [3][-]{subsubsection.6.1.4.2}{\376\377\0006\000.\0001\000.\0004\000.\0002\000\040\000d\000i\000s\000t\000a\000n\000c\000e\000s}{subsection.6.1.4}% 28
\BOOKMARK [3][-]{subsubsection.6.1.4.3}{\376\377\0006\000.\0001\000.\0004\000.\0003\000\040\000e\000d\000g\000e\000s\0001}{subsection.6.1.4}% 29
\BOOKMARK [3][-]{subsubsection.6.1.4.4}{\376\377\0006\000.\0001\000.\0004\000.\0004\000\040\000e\000d\000g\000e\000s\0002}{subsection.6.1.4}% 30
\BOOKMARK [3][-]{subsubsection.6.1.4.5}{\376\377\0006\000.\0001\000.\0004\000.\0005\000\040\000I\000N\000F\000I\000N\000I\000T\000Y}{subsection.6.1.4}% 31
\BOOKMARK [3][-]{subsubsection.6.1.4.6}{\376\377\0006\000.\0001\000.\0004\000.\0006\000\040\000n\000o\000d\000e\000s}{subsection.6.1.4}% 32
\BOOKMARK [3][-]{subsubsection.6.1.4.7}{\376\377\0006\000.\0001\000.\0004\000.\0007\000\040\000p\000a\000t\000h}{subsection.6.1.4}% 33
\BOOKMARK [3][-]{subsubsection.6.1.4.8}{\376\377\0006\000.\0001\000.\0004\000.\0008\000\040\000v\000a\000l\000u\000e}{subsection.6.1.4}% 34
\BOOKMARK [1][-]{section.6.2}{\376\377\0006\000.\0002\000\040\000e\000s\000.\000u\000l\000l\000.\000e\000s\000i\000t\000.\000u\000t\000i\000l\000i\000t\000i\000e\000s\000.\000E\000x\000p\000o\000s\000i\000t\000o\000U\000t\000i\000l\000i\000t\000i\000e\000s\000\040\000C\000l\000a\000s\000s\000\040\000R\000e\000f\000e\000r\000e\000n\000c\000e}{chapter.6}% 35
\BOOKMARK [2][-]{subsection.6.2.1}{\376\377\0006\000.\0002\000.\0001\000\040\000D\000e\000t\000a\000i\000l\000e\000d\000\040\000D\000e\000s\000c\000r\000i\000p\000t\000i\000o\000n}{section.6.2}% 36
\BOOKMARK [2][-]{subsection.6.2.2}{\376\377\0006\000.\0002\000.\0002\000\040\000M\000e\000m\000b\000e\000r\000\040\000F\000u\000n\000c\000t\000i\000o\000n\000\040\000D\000o\000c\000u\000m\000e\000n\000t\000a\000t\000i\000o\000n}{section.6.2}% 37
\BOOKMARK [3][-]{subsubsection.6.2.2.1}{\376\377\0006\000.\0002\000.\0002\000.\0001\000\040\000g\000e\000t\000F\000o\000r\000m\000a\000t\000\050\000\051\000\040\000[\0001\000/\0001\0002\000]}{subsection.6.2.2}% 38
\BOOKMARK [3][-]{subsubsection.6.2.2.2}{\376\377\0006\000.\0002\000.\0002\000.\0002\000\040\000g\000e\000t\000F\000o\000r\000m\000a\000t\000\050\000\051\000\040\000[\0002\000/\0001\0002\000]}{subsection.6.2.2}% 39
\BOOKMARK [3][-]{subsubsection.6.2.2.3}{\376\377\0006\000.\0002\000.\0002\000.\0003\000\040\000g\000e\000t\000F\000o\000r\000m\000a\000t\000\050\000\051\000\040\000[\0003\000/\0001\0002\000]}{subsection.6.2.2}% 40
\BOOKMARK [3][-]{subsubsection.6.2.2.4}{\376\377\0006\000.\0002\000.\0002\000.\0004\000\040\000g\000e\000t\000F\000o\000r\000m\000a\000t\000\050\000\051\000\040\000[\0004\000/\0001\0002\000]}{subsection.6.2.2}% 41
\BOOKMARK [3][-]{subsubsection.6.2.2.5}{\376\377\0006\000.\0002\000.\0002\000.\0005\000\040\000g\000e\000t\000F\000o\000r\000m\000a\000t\000\050\000\051\000\040\000[\0005\000/\0001\0002\000]}{subsection.6.2.2}% 42
\BOOKMARK [3][-]{subsubsection.6.2.2.6}{\376\377\0006\000.\0002\000.\0002\000.\0006\000\040\000g\000e\000t\000F\000o\000r\000m\000a\000t\000\050\000\051\000\040\000[\0006\000/\0001\0002\000]}{subsection.6.2.2}% 43
\BOOKMARK [3][-]{subsubsection.6.2.2.7}{\376\377\0006\000.\0002\000.\0002\000.\0007\000\040\000g\000e\000t\000F\000o\000r\000m\000a\000t\000\050\000\051\000\040\000[\0007\000/\0001\0002\000]}{subsection.6.2.2}% 44
\BOOKMARK [3][-]{subsubsection.6.2.2.8}{\376\377\0006\000.\0002\000.\0002\000.\0008\000\040\000g\000e\000t\000F\000o\000r\000m\000a\000t\000\050\000\051\000\040\000[\0008\000/\0001\0002\000]}{subsection.6.2.2}% 45
\BOOKMARK [3][-]{subsubsection.6.2.2.9}{\376\377\0006\000.\0002\000.\0002\000.\0009\000\040\000g\000e\000t\000F\000o\000r\000m\000a\000t\000\050\000\051\000\040\000[\0009\000/\0001\0002\000]}{subsection.6.2.2}% 46
\BOOKMARK [3][-]{subsubsection.6.2.2.10}{\376\377\0006\000.\0002\000.\0002\000.\0001\0000\000\040\000g\000e\000t\000F\000o\000r\000m\000a\000t\000\050\000\051\000\040\000[\0001\0000\000/\0001\0002\000]}{subsection.6.2.2}% 47
\BOOKMARK [3][-]{subsubsection.6.2.2.11}{\376\377\0006\000.\0002\000.\0002\000.\0001\0001\000\040\000g\000e\000t\000F\000o\000r\000m\000a\000t\000\050\000\051\000\040\000[\0001\0001\000/\0001\0002\000]}{subsection.6.2.2}% 48
\BOOKMARK [3][-]{subsubsection.6.2.2.12}{\376\377\0006\000.\0002\000.\0002\000.\0001\0002\000\040\000g\000e\000t\000F\000o\000r\000m\000a\000t\000\050\000\051\000\040\000[\0001\0002\000/\0001\0002\000]}{subsection.6.2.2}% 49
\BOOKMARK [3][-]{subsubsection.6.2.2.13}{\376\377\0006\000.\0002\000.\0002\000.\0001\0003\000\040\000i\000s\000A\000c\000y\000c\000l\000i\000c\000\050\000\051}{subsection.6.2.2}% 50
\BOOKMARK [3][-]{subsubsection.6.2.2.14}{\376\377\0006\000.\0002\000.\0002\000.\0001\0004\000\040\000i\000s\000D\000o\000u\000b\000l\000e\000\050\000\051}{subsection.6.2.2}% 51
\BOOKMARK [3][-]{subsubsection.6.2.2.15}{\376\377\0006\000.\0002\000.\0002\000.\0001\0005\000\040\000i\000s\000I\000n\000t\000e\000g\000e\000r\000\050\000\051}{subsection.6.2.2}% 52
\BOOKMARK [3][-]{subsubsection.6.2.2.16}{\376\377\0006\000.\0002\000.\0002\000.\0001\0006\000\040\000m\000u\000l\000t\000i\000p\000l\000y\000M\000a\000t\000r\000i\000c\000e\000s\000\050\000\051}{subsection.6.2.2}% 53
\BOOKMARK [3][-]{subsubsection.6.2.2.17}{\376\377\0006\000.\0002\000.\0002\000.\0001\0007\000\040\000p\000r\000i\000n\000t\000F\000i\000l\000e\000\050\000\051}{subsection.6.2.2}% 54
\BOOKMARK [3][-]{subsubsection.6.2.2.18}{\376\377\0006\000.\0002\000.\0002\000.\0001\0008\000\040\000s\000i\000m\000p\000l\000i\000f\000y\000S\000t\000r\000i\000n\000g\000\050\000\051}{subsection.6.2.2}% 55
\BOOKMARK [3][-]{subsubsection.6.2.2.19}{\376\377\0006\000.\0002\000.\0002\000.\0001\0009\000\040\000t\000h\000e\000r\000e\000I\000s\000P\000a\000t\000h\000\050\000\051}{subsection.6.2.2}% 56
\BOOKMARK [2][-]{subsection.6.2.3}{\376\377\0006\000.\0002\000.\0003\000\040\000M\000e\000m\000b\000e\000r\000\040\000D\000a\000t\000a\000\040\000D\000o\000c\000u\000m\000e\000n\000t\000a\000t\000i\000o\000n}{section.6.2}% 57
\BOOKMARK [3][-]{subsubsection.6.2.3.1}{\376\377\0006\000.\0002\000.\0003\000.\0001\000\040\000A\000L\000I\000G\000N\000M\000E\000N\000T\000\137\000L\000E\000F\000T}{subsection.6.2.3}% 58
\BOOKMARK [3][-]{subsubsection.6.2.3.2}{\376\377\0006\000.\0002\000.\0003\000.\0002\000\040\000A\000L\000I\000G\000N\000M\000E\000N\000T\000\137\000R\000I\000G\000H\000T}{subsection.6.2.3}% 59
\BOOKMARK [3][-]{subsubsection.6.2.3.3}{\376\377\0006\000.\0002\000.\0003\000.\0003\000\040\000D\000E\000F\000A\000U\000L\000T\000\137\000C\000O\000L\000U\000M\000N\000\137\000W\000I\000D\000T\000H}{subsection.6.2.3}% 60
\BOOKMARK [1][-]{section.6.3}{\376\377\0006\000.\0003\000\040\000t\000o\000p\000.\000m\000a\000i\000n\000T\000O\000P\000T\000W\000\040\000C\000l\000a\000s\000s\000\040\000R\000e\000f\000e\000r\000e\000n\000c\000e}{chapter.6}% 61
\BOOKMARK [2][-]{subsection.6.3.1}{\376\377\0006\000.\0003\000.\0001\000\040\000D\000e\000t\000a\000i\000l\000e\000d\000\040\000D\000e\000s\000c\000r\000i\000p\000t\000i\000o\000n}{section.6.3}% 62
\BOOKMARK [2][-]{subsection.6.3.2}{\376\377\0006\000.\0003\000.\0002\000\040\000M\000e\000m\000b\000e\000r\000\040\000F\000u\000n\000c\000t\000i\000o\000n\000\040\000D\000o\000c\000u\000m\000e\000n\000t\000a\000t\000i\000o\000n}{section.6.3}% 63
\BOOKMARK [3][-]{subsubsection.6.3.2.1}{\376\377\0006\000.\0003\000.\0002\000.\0001\000\040\000m\000a\000i\000n\000\050\000\051}{subsection.6.3.2}% 64
\BOOKMARK [1][-]{section.6.4}{\376\377\0006\000.\0004\000\040\000e\000s\000.\000u\000l\000l\000.\000e\000s\000i\000t\000.\000u\000t\000i\000l\000s\000.\000P\000a\000i\000r\000<\000\040\000F\000,\000\040\000S\000\040\000>\000\040\000C\000l\000a\000s\000s\000\040\000T\000e\000m\000p\000l\000a\000t\000e\000\040\000R\000e\000f\000e\000r\000e\000n\000c\000e}{chapter.6}% 65
\BOOKMARK [2][-]{subsection.6.4.1}{\376\377\0006\000.\0004\000.\0001\000\040\000D\000e\000t\000a\000i\000l\000e\000d\000\040\000D\000e\000s\000c\000r\000i\000p\000t\000i\000o\000n}{section.6.4}% 66
\BOOKMARK [2][-]{subsection.6.4.2}{\376\377\0006\000.\0004\000.\0002\000\040\000C\000o\000n\000s\000t\000r\000u\000c\000t\000o\000r\000\040\000\046\000\040\000D\000e\000s\000t\000r\000u\000c\000t\000o\000r\000\040\000D\000o\000c\000u\000m\000e\000n\000t\000a\000t\000i\000o\000n}{section.6.4}% 67
\BOOKMARK [3][-]{subsubsection.6.4.2.1}{\376\377\0006\000.\0004\000.\0002\000.\0001\000\040\000P\000a\000i\000r\000\050\000\051}{subsection.6.4.2}% 68
\BOOKMARK [2][-]{subsection.6.4.3}{\376\377\0006\000.\0004\000.\0003\000\040\000M\000e\000m\000b\000e\000r\000\040\000F\000u\000n\000c\000t\000i\000o\000n\000\040\000D\000o\000c\000u\000m\000e\000n\000t\000a\000t\000i\000o\000n}{section.6.4}% 69
\BOOKMARK [3][-]{subsubsection.6.4.3.1}{\376\377\0006\000.\0004\000.\0003\000.\0001\000\040\000c\000r\000e\000a\000t\000e\000\050\000\051}{subsection.6.4.3}% 70
\BOOKMARK [3][-]{subsubsection.6.4.3.2}{\376\377\0006\000.\0004\000.\0003\000.\0002\000\040\000e\000q\000u\000a\000l\000s\000\050\000\051}{subsection.6.4.3}% 71
\BOOKMARK [3][-]{subsubsection.6.4.3.3}{\376\377\0006\000.\0004\000.\0003\000.\0003\000\040\000h\000a\000s\000h\000C\000o\000d\000e\000\050\000\051}{subsection.6.4.3}% 72
\BOOKMARK [2][-]{subsection.6.4.4}{\376\377\0006\000.\0004\000.\0004\000\040\000M\000e\000m\000b\000e\000r\000\040\000D\000a\000t\000a\000\040\000D\000o\000c\000u\000m\000e\000n\000t\000a\000t\000i\000o\000n}{section.6.4}% 73
\BOOKMARK [3][-]{subsubsection.6.4.4.1}{\376\377\0006\000.\0004\000.\0004\000.\0001\000\040\000f\000i\000r\000s\000t}{subsection.6.4.4}% 74
\BOOKMARK [3][-]{subsubsection.6.4.4.2}{\376\377\0006\000.\0004\000.\0004\000.\0002\000\040\000s\000e\000c\000o\000n\000d}{subsection.6.4.4}% 75
\BOOKMARK [1][-]{section.6.5}{\376\377\0006\000.\0005\000\040\000e\000s\000.\000u\000l\000l\000.\000e\000s\000i\000t\000.\000u\000t\000i\000l\000i\000t\000i\000e\000s\000.\000P\000o\000w\000e\000r\000S\000e\000t\000<\000\040\000E\000\040\000>\000\040\000C\000l\000a\000s\000s\000\040\000T\000e\000m\000p\000l\000a\000t\000e\000\040\000R\000e\000f\000e\000r\000e\000n\000c\000e}{chapter.6}% 76
\BOOKMARK [2][-]{subsection.6.5.1}{\376\377\0006\000.\0005\000.\0001\000\040\000D\000e\000t\000a\000i\000l\000e\000d\000\040\000D\000e\000s\000c\000r\000i\000p\000t\000i\000o\000n}{section.6.5}% 77
\BOOKMARK [2][-]{subsection.6.5.2}{\376\377\0006\000.\0005\000.\0002\000\040\000C\000o\000n\000s\000t\000r\000u\000c\000t\000o\000r\000\040\000\046\000\040\000D\000e\000s\000t\000r\000u\000c\000t\000o\000r\000\040\000D\000o\000c\000u\000m\000e\000n\000t\000a\000t\000i\000o\000n}{section.6.5}% 78
\BOOKMARK [3][-]{subsubsection.6.5.2.1}{\376\377\0006\000.\0005\000.\0002\000.\0001\000\040\000P\000o\000w\000e\000r\000S\000e\000t\000\050\000\051}{subsection.6.5.2}% 79
\BOOKMARK [2][-]{subsection.6.5.3}{\376\377\0006\000.\0005\000.\0003\000\040\000M\000e\000m\000b\000e\000r\000\040\000F\000u\000n\000c\000t\000i\000o\000n\000\040\000D\000o\000c\000u\000m\000e\000n\000t\000a\000t\000i\000o\000n}{section.6.5}% 80
\BOOKMARK [3][-]{subsubsection.6.5.3.1}{\376\377\0006\000.\0005\000.\0003\000.\0001\000\040\000h\000a\000s\000N\000e\000x\000t\000\050\000\051}{subsection.6.5.3}% 81
\BOOKMARK [3][-]{subsubsection.6.5.3.2}{\376\377\0006\000.\0005\000.\0003\000.\0002\000\040\000i\000t\000e\000r\000a\000t\000o\000r\000\050\000\051}{subsection.6.5.3}% 82
\BOOKMARK [3][-]{subsubsection.6.5.3.3}{\376\377\0006\000.\0005\000.\0003\000.\0003\000\040\000n\000e\000x\000t\000\050\000\051}{subsection.6.5.3}% 83
\BOOKMARK [3][-]{subsubsection.6.5.3.4}{\376\377\0006\000.\0005\000.\0003\000.\0004\000\040\000r\000e\000m\000o\000v\000e\000\050\000\051}{subsection.6.5.3}% 84
\BOOKMARK [2][-]{subsection.6.5.4}{\376\377\0006\000.\0005\000.\0004\000\040\000M\000e\000m\000b\000e\000r\000\040\000D\000a\000t\000a\000\040\000D\000o\000c\000u\000m\000e\000n\000t\000a\000t\000i\000o\000n}{section.6.5}% 85
\BOOKMARK [3][-]{subsubsection.6.5.4.1}{\376\377\0006\000.\0005\000.\0004\000.\0001\000\040\000a\000r\000r}{subsection.6.5.4}% 86
\BOOKMARK [3][-]{subsubsection.6.5.4.2}{\376\377\0006\000.\0005\000.\0004\000.\0002\000\040\000b\000s\000e\000t}{subsection.6.5.4}% 87
\BOOKMARK [1][-]{section.6.6}{\376\377\0006\000.\0006\000\040\000t\000o\000p\000.\000T\000O\000P\000T\000W\000\040\000C\000l\000a\000s\000s\000\040\000R\000e\000f\000e\000r\000e\000n\000c\000e}{chapter.6}% 88
\BOOKMARK [2][-]{subsection.6.6.1}{\376\377\0006\000.\0006\000.\0001\000\040\000C\000o\000n\000s\000t\000r\000u\000c\000t\000o\000r\000\040\000\046\000\040\000D\000e\000s\000t\000r\000u\000c\000t\000o\000r\000\040\000D\000o\000c\000u\000m\000e\000n\000t\000a\000t\000i\000o\000n}{section.6.6}% 89
\BOOKMARK [3][-]{subsubsection.6.6.1.1}{\376\377\0006\000.\0006\000.\0001\000.\0001\000\040\000T\000O\000P\000T\000W\000\050\000\051}{subsection.6.6.1}% 90
\BOOKMARK [2][-]{subsection.6.6.2}{\376\377\0006\000.\0006\000.\0002\000\040\000M\000e\000m\000b\000e\000r\000\040\000F\000u\000n\000c\000t\000i\000o\000n\000\040\000D\000o\000c\000u\000m\000e\000n\000t\000a\000t\000i\000o\000n}{section.6.6}% 91
\BOOKMARK [3][-]{subsubsection.6.6.2.1}{\376\377\0006\000.\0006\000.\0002\000.\0001\000\040\000a\000d\000d\000N\000o\000d\000e\000\050\000\051}{subsection.6.6.2}% 92
\BOOKMARK [3][-]{subsubsection.6.6.2.2}{\376\377\0006\000.\0006\000.\0002\000.\0002\000\040\000a\000d\000d\000N\000o\000d\000e\000D\000e\000p\000o\000t\000\050\000\051}{subsection.6.6.2}% 93
\BOOKMARK [3][-]{subsubsection.6.6.2.3}{\376\377\0006\000.\0006\000.\0002\000.\0003\000\040\000c\000a\000l\000c\000u\000l\000a\000t\000e\000D\000i\000s\000t\000a\000n\000c\000e\000M\000a\000t\000r\000i\000x\000\050\000\051}{subsection.6.6.2}% 94
\BOOKMARK [3][-]{subsubsection.6.6.2.4}{\376\377\0006\000.\0006\000.\0002\000.\0004\000\040\000g\000e\000t\000D\000i\000s\000t\000a\000n\000c\000e\000\050\000\051}{subsection.6.6.2}% 95
\BOOKMARK [3][-]{subsubsection.6.6.2.5}{\376\377\0006\000.\0006\000.\0002\000.\0005\000\040\000g\000e\000t\000D\000u\000e\000T\000i\000m\000e\000\050\000\051}{subsection.6.6.2}% 96
\BOOKMARK [3][-]{subsubsection.6.6.2.6}{\376\377\0006\000.\0006\000.\0002\000.\0006\000\040\000g\000e\000t\000M\000a\000x\000R\000o\000u\000t\000e\000s\000\050\000\051}{subsection.6.6.2}% 97
\BOOKMARK [3][-]{subsubsection.6.6.2.7}{\376\377\0006\000.\0006\000.\0002\000.\0007\000\040\000g\000e\000t\000M\000a\000x\000T\000i\000m\000e\000P\000e\000r\000R\000o\000u\000t\000e\000\050\000\051}{subsection.6.6.2}% 98
\BOOKMARK [3][-]{subsubsection.6.6.2.8}{\376\377\0006\000.\0006\000.\0002\000.\0008\000\040\000g\000e\000t\000N\000o\000d\000e\000s\000\050\000\051}{subsection.6.6.2}% 99
\BOOKMARK [3][-]{subsubsection.6.6.2.9}{\376\377\0006\000.\0006\000.\0002\000.\0009\000\040\000g\000e\000t\000P\000O\000I\000s\000\050\000\051}{subsection.6.6.2}% 100
\BOOKMARK [3][-]{subsubsection.6.6.2.10}{\376\377\0006\000.\0006\000.\0002\000.\0001\0000\000\040\000g\000e\000t\000R\000e\000a\000d\000y\000T\000i\000m\000e\000\050\000\051}{subsection.6.6.2}% 101
\BOOKMARK [3][-]{subsubsection.6.6.2.11}{\376\377\0006\000.\0006\000.\0002\000.\0001\0001\000\040\000g\000e\000t\000S\000c\000o\000r\000e\000\050\000\051\000\040\000[\0001\000/\0002\000]}{subsection.6.6.2}% 102
\BOOKMARK [3][-]{subsubsection.6.6.2.12}{\376\377\0006\000.\0006\000.\0002\000.\0001\0002\000\040\000g\000e\000t\000S\000c\000o\000r\000e\000\050\000\051\000\040\000[\0002\000/\0002\000]}{subsection.6.6.2}% 103
\BOOKMARK [3][-]{subsubsection.6.6.2.13}{\376\377\0006\000.\0006\000.\0002\000.\0001\0003\000\040\000g\000e\000t\000S\000e\000r\000v\000i\000c\000e\000T\000i\000m\000e\000\050\000\051}{subsection.6.6.2}% 104
\BOOKMARK [3][-]{subsubsection.6.6.2.14}{\376\377\0006\000.\0006\000.\0002\000.\0001\0004\000\040\000g\000e\000t\000T\000i\000m\000e\000\050\000\051}{subsection.6.6.2}% 105
\BOOKMARK [3][-]{subsubsection.6.6.2.15}{\376\377\0006\000.\0006\000.\0002\000.\0001\0005\000\040\000g\000e\000t\000V\000e\000h\000i\000c\000l\000e\000s\000\050\000\051}{subsection.6.6.2}% 106
\BOOKMARK [3][-]{subsubsection.6.6.2.16}{\376\377\0006\000.\0006\000.\0002\000.\0001\0006\000\040\000g\000e\000t\000X\000\050\000\051}{subsection.6.6.2}% 107
\BOOKMARK [3][-]{subsubsection.6.6.2.17}{\376\377\0006\000.\0006\000.\0002\000.\0001\0007\000\040\000g\000e\000t\000Y\000\050\000\051}{subsection.6.6.2}% 108
\BOOKMARK [3][-]{subsubsection.6.6.2.18}{\376\377\0006\000.\0006\000.\0002\000.\0001\0008\000\040\000i\000s\000D\000e\000p\000o\000t\000\050\000\051}{subsection.6.6.2}% 109
\BOOKMARK [3][-]{subsubsection.6.6.2.19}{\376\377\0006\000.\0006\000.\0002\000.\0001\0009\000\040\000s\000e\000t\000D\000u\000e\000T\000i\000m\000e\000\050\000\051}{subsection.6.6.2}% 110
\BOOKMARK [3][-]{subsubsection.6.6.2.20}{\376\377\0006\000.\0006\000.\0002\000.\0002\0000\000\040\000s\000e\000t\000M\000a\000x\000R\000o\000u\000t\000e\000s\000\050\000\051}{subsection.6.6.2}% 111
\BOOKMARK [3][-]{subsubsection.6.6.2.21}{\376\377\0006\000.\0006\000.\0002\000.\0002\0001\000\040\000s\000e\000t\000M\000a\000x\000T\000i\000m\000e\000P\000e\000r\000R\000o\000u\000t\000e\000\050\000\051}{subsection.6.6.2}% 112
\BOOKMARK [3][-]{subsubsection.6.6.2.22}{\376\377\0006\000.\0006\000.\0002\000.\0002\0002\000\040\000s\000e\000t\000N\000o\000d\000e\000s\000\050\000\051}{subsection.6.6.2}% 113
\BOOKMARK [3][-]{subsubsection.6.6.2.23}{\376\377\0006\000.\0006\000.\0002\000.\0002\0003\000\040\000s\000e\000t\000R\000e\000a\000d\000y\000T\000i\000m\000e\000\050\000\051}{subsection.6.6.2}% 114
\BOOKMARK [3][-]{subsubsection.6.6.2.24}{\376\377\0006\000.\0006\000.\0002\000.\0002\0004\000\040\000s\000e\000t\000S\000c\000o\000r\000e\000\050\000\051}{subsection.6.6.2}% 115
\BOOKMARK [3][-]{subsubsection.6.6.2.25}{\376\377\0006\000.\0006\000.\0002\000.\0002\0005\000\040\000s\000e\000t\000S\000e\000r\000v\000i\000c\000e\000T\000i\000m\000e\000\050\000\051}{subsection.6.6.2}% 116
\BOOKMARK [3][-]{subsubsection.6.6.2.26}{\376\377\0006\000.\0006\000.\0002\000.\0002\0006\000\040\000s\000e\000t\000X\000\050\000\051}{subsection.6.6.2}% 117
\BOOKMARK [3][-]{subsubsection.6.6.2.27}{\376\377\0006\000.\0006\000.\0002\000.\0002\0007\000\040\000s\000e\000t\000Y\000\050\000\051}{subsection.6.6.2}% 118
\BOOKMARK [3][-]{subsubsection.6.6.2.28}{\376\377\0006\000.\0006\000.\0002\000.\0002\0008\000\040\000t\000o\000S\000t\000r\000i\000n\000g\000\050\000\051}{subsection.6.6.2}% 119
\BOOKMARK [2][-]{subsection.6.6.3}{\376\377\0006\000.\0006\000.\0003\000\040\000M\000e\000m\000b\000e\000r\000\040\000D\000a\000t\000a\000\040\000D\000o\000c\000u\000m\000e\000n\000t\000a\000t\000i\000o\000n}{section.6.6}% 120
\BOOKMARK [3][-]{subsubsection.6.6.3.1}{\376\377\0006\000.\0006\000.\0003\000.\0001\000\040\000d\000e\000p\000o\000t\000s}{subsection.6.6.3}% 121
\BOOKMARK [3][-]{subsubsection.6.6.3.2}{\376\377\0006\000.\0006\000.\0003\000.\0002\000\040\000d\000i\000s\000t\000a\000n\000c\000e\000M\000a\000t\000r\000i\000x}{subsection.6.6.3}% 122
\BOOKMARK [3][-]{subsubsection.6.6.3.3}{\376\377\0006\000.\0006\000.\0003\000.\0003\000\040\000d\000u\000e\000T\000i\000m\000e}{subsection.6.6.3}% 123
\BOOKMARK [3][-]{subsubsection.6.6.3.4}{\376\377\0006\000.\0006\000.\0003\000.\0004\000\040\000m\000a\000x\000R\000o\000u\000t\000e\000s}{subsection.6.6.3}% 124
\BOOKMARK [3][-]{subsubsection.6.6.3.5}{\376\377\0006\000.\0006\000.\0003\000.\0005\000\040\000m\000a\000x\000T\000i\000m\000e\000P\000e\000r\000R\000o\000u\000t\000e}{subsection.6.6.3}% 125
\BOOKMARK [3][-]{subsubsection.6.6.3.6}{\376\377\0006\000.\0006\000.\0003\000.\0006\000\040\000n\000o\000d\000e\000s}{subsection.6.6.3}% 126
\BOOKMARK [3][-]{subsubsection.6.6.3.7}{\376\377\0006\000.\0006\000.\0003\000.\0007\000\040\000r\000e\000a\000d\000y\000T\000i\000m\000e}{subsection.6.6.3}% 127
\BOOKMARK [3][-]{subsubsection.6.6.3.8}{\376\377\0006\000.\0006\000.\0003\000.\0008\000\040\000s\000c\000o\000r\000e}{subsection.6.6.3}% 128
\BOOKMARK [3][-]{subsubsection.6.6.3.9}{\376\377\0006\000.\0006\000.\0003\000.\0009\000\040\000s\000e\000r\000v\000i\000c\000e\000T\000i\000m\000e}{subsection.6.6.3}% 129
\BOOKMARK [3][-]{subsubsection.6.6.3.10}{\376\377\0006\000.\0006\000.\0003\000.\0001\0000\000\040\000v\000e\000h\000i\000c\000l\000e\000s}{subsection.6.6.3}% 130
\BOOKMARK [3][-]{subsubsection.6.6.3.11}{\376\377\0006\000.\0006\000.\0003\000.\0001\0001\000\040\000x}{subsection.6.6.3}% 131
\BOOKMARK [3][-]{subsubsection.6.6.3.12}{\376\377\0006\000.\0006\000.\0003\000.\0001\0002\000\040\000y}{subsection.6.6.3}% 132
\BOOKMARK [1][-]{section.6.7}{\376\377\0006\000.\0007\000\040\000t\000o\000p\000.\000T\000O\000P\000T\000W\000E\000v\000a\000l\000u\000a\000t\000o\000r\000\040\000C\000l\000a\000s\000s\000\040\000R\000e\000f\000e\000r\000e\000n\000c\000e}{chapter.6}% 133
\BOOKMARK [2][-]{subsection.6.7.1}{\376\377\0006\000.\0007\000.\0001\000\040\000M\000e\000m\000b\000e\000r\000\040\000F\000u\000n\000c\000t\000i\000o\000n\000\040\000D\000o\000c\000u\000m\000e\000n\000t\000a\000t\000i\000o\000n}{section.6.7}% 134
\BOOKMARK [3][-]{subsubsection.6.7.1.1}{\376\377\0006\000.\0007\000.\0001\000.\0001\000\040\000e\000v\000a\000l\000u\000a\000t\000e\000\050\000\051}{subsection.6.7.1}% 135
\BOOKMARK [2][-]{subsection.6.7.2}{\376\377\0006\000.\0007\000.\0002\000\040\000M\000e\000m\000b\000e\000r\000\040\000D\000a\000t\000a\000\040\000D\000o\000c\000u\000m\000e\000n\000t\000a\000t\000i\000o\000n}{section.6.7}% 136
\BOOKMARK [3][-]{subsubsection.6.7.2.1}{\376\377\0006\000.\0007\000.\0002\000.\0001\000\040\000N\000O\000\137\000E\000V\000A\000L\000U\000A\000T\000E\000D}{subsection.6.7.2}% 137
\BOOKMARK [1][-]{section.6.8}{\376\377\0006\000.\0008\000\040\000t\000o\000p\000.\000T\000O\000P\000T\000W\000G\000R\000A\000S\000P\000\040\000C\000l\000a\000s\000s\000\040\000R\000e\000f\000e\000r\000e\000n\000c\000e}{chapter.6}% 138
\BOOKMARK [2][-]{subsection.6.8.1}{\376\377\0006\000.\0008\000.\0001\000\040\000C\000o\000n\000s\000t\000r\000u\000c\000t\000o\000r\000\040\000\046\000\040\000D\000e\000s\000t\000r\000u\000c\000t\000o\000r\000\040\000D\000o\000c\000u\000m\000e\000n\000t\000a\000t\000i\000o\000n}{section.6.8}% 139
\BOOKMARK [3][-]{subsubsection.6.8.1.1}{\376\377\0006\000.\0008\000.\0001\000.\0001\000\040\000T\000O\000P\000T\000W\000G\000R\000A\000S\000P\000\050\000\051}{subsection.6.8.1}% 140
\BOOKMARK [2][-]{subsection.6.8.2}{\376\377\0006\000.\0008\000.\0002\000\040\000M\000e\000m\000b\000e\000r\000\040\000F\000u\000n\000c\000t\000i\000o\000n\000\040\000D\000o\000c\000u\000m\000e\000n\000t\000a\000t\000i\000o\000n}{section.6.8}% 141
\BOOKMARK [3][-]{subsubsection.6.8.2.1}{\376\377\0006\000.\0008\000.\0002\000.\0001\000\040\000a\000l\000e\000a\000t\000o\000r\000y\000S\000e\000l\000e\000c\000t\000i\000o\000n\000R\000C\000L\000\050\000\051}{subsection.6.8.2}% 142
\BOOKMARK [3][-]{subsubsection.6.8.2.2}{\376\377\0006\000.\0008\000.\0002\000.\0002\000\040\000c\000o\000m\000p\000r\000e\000h\000e\000n\000s\000i\000v\000e\000E\000v\000a\000l\000u\000a\000t\000i\000o\000n\000\050\000\051}{subsection.6.8.2}% 143
\BOOKMARK [3][-]{subsubsection.6.8.2.3}{\376\377\0006\000.\0008\000.\0002\000.\0003\000\040\000c\000o\000m\000p\000u\000t\000e\000G\000r\000e\000e\000d\000y\000S\000o\000l\000u\000t\000i\000o\000n\000\050\000\051}{subsection.6.8.2}% 144
\BOOKMARK [3][-]{subsubsection.6.8.2.4}{\376\377\0006\000.\0008\000.\0002\000.\0004\000\040\000f\000u\000z\000z\000y\000S\000e\000l\000e\000c\000t\000i\000o\000n\000A\000l\000p\000h\000a\000C\000u\000t\000R\000C\000L\000\050\000\051}{subsection.6.8.2}% 145
\BOOKMARK [3][-]{subsubsection.6.8.2.5}{\376\377\0006\000.\0008\000.\0002\000.\0005\000\040\000f\000u\000z\000z\000y\000S\000e\000l\000e\000c\000t\000i\000o\000n\000B\000e\000s\000t\000F\000D\000R\000C\000L\000\050\000\051}{subsection.6.8.2}% 146
\BOOKMARK [3][-]{subsubsection.6.8.2.6}{\376\377\0006\000.\0008\000.\0002\000.\0006\000\040\000g\000e\000t\000M\000a\000x\000S\000c\000o\000r\000e\000\050\000\051}{subsection.6.8.2}% 147
\BOOKMARK [3][-]{subsubsection.6.8.2.7}{\376\377\0006\000.\0008\000.\0002\000.\0007\000\040\000g\000e\000t\000S\000o\000l\000u\000t\000i\000o\000n\000\050\000\051}{subsection.6.8.2}% 148
\BOOKMARK [3][-]{subsubsection.6.8.2.8}{\376\377\0006\000.\0008\000.\0002\000.\0008\000\040\000g\000e\000t\000S\000o\000l\000u\000t\000i\000o\000n\000T\000i\000m\000e\000\050\000\051}{subsection.6.8.2}% 149
\BOOKMARK [3][-]{subsubsection.6.8.2.9}{\376\377\0006\000.\0008\000.\0002\000.\0009\000\040\000G\000R\000A\000S\000P\000\050\000\051}{subsection.6.8.2}% 150
\BOOKMARK [3][-]{subsubsection.6.8.2.10}{\376\377\0006\000.\0008\000.\0002\000.\0001\0000\000\040\000s\000e\000t\000S\000o\000l\000u\000t\000i\000o\000n\000\050\000\051}{subsection.6.8.2}% 151
\BOOKMARK [3][-]{subsubsection.6.8.2.11}{\376\377\0006\000.\0008\000.\0002\000.\0001\0001\000\040\000s\000e\000t\000S\000o\000l\000u\000t\000i\000o\000n\000T\000i\000m\000e\000\050\000\051}{subsection.6.8.2}% 152
\BOOKMARK [3][-]{subsubsection.6.8.2.12}{\376\377\0006\000.\0008\000.\0002\000.\0001\0002\000\040\000u\000p\000d\000a\000t\000e\000S\000o\000l\000u\000t\000i\000o\000n\000\050\000\051}{subsection.6.8.2}% 153
\BOOKMARK [2][-]{subsection.6.8.3}{\376\377\0006\000.\0008\000.\0003\000\040\000M\000e\000m\000b\000e\000r\000\040\000D\000a\000t\000a\000\040\000D\000o\000c\000u\000m\000e\000n\000t\000a\000t\000i\000o\000n}{section.6.8}% 154
\BOOKMARK [3][-]{subsubsection.6.8.3.1}{\376\377\0006\000.\0008\000.\0003\000.\0001\000\040\000N\000O\000\137\000E\000V\000A\000L\000U\000A\000T\000E\000D}{subsection.6.8.3}% 155
\BOOKMARK [3][-]{subsubsection.6.8.3.2}{\376\377\0006\000.\0008\000.\0003\000.\0002\000\040\000s\000o\000l\000u\000t\000i\000o\000n}{subsection.6.8.3}% 156
\BOOKMARK [3][-]{subsubsection.6.8.3.3}{\376\377\0006\000.\0008\000.\0003\000.\0003\000\040\000s\000o\000l\000u\000t\000i\000o\000n\000T\000i\000m\000e}{subsection.6.8.3}% 157
\BOOKMARK [1][-]{section.6.9}{\376\377\0006\000.\0009\000\040\000t\000o\000p\000.\000T\000O\000P\000T\000W\000R\000e\000a\000d\000e\000r\000\040\000C\000l\000a\000s\000s\000\040\000R\000e\000f\000e\000r\000e\000n\000c\000e}{chapter.6}% 158
\BOOKMARK [2][-]{subsection.6.9.1}{\376\377\0006\000.\0009\000.\0001\000\040\000D\000e\000t\000a\000i\000l\000e\000d\000\040\000D\000e\000s\000c\000r\000i\000p\000t\000i\000o\000n}{section.6.9}% 159
\BOOKMARK [2][-]{subsection.6.9.2}{\376\377\0006\000.\0009\000.\0002\000\040\000M\000e\000m\000b\000e\000r\000\040\000F\000u\000n\000c\000t\000i\000o\000n\000\040\000D\000o\000c\000u\000m\000e\000n\000t\000a\000t\000i\000o\000n}{section.6.9}% 160
\BOOKMARK [3][-]{subsubsection.6.9.2.1}{\376\377\0006\000.\0009\000.\0002\000.\0001\000\040\000r\000e\000a\000d\000P\000r\000o\000b\000l\000e\000m\000\050\000\051}{subsection.6.9.2}% 161
\BOOKMARK [1][-]{section.6.10}{\376\377\0006\000.\0001\0000\000\040\000t\000o\000p\000.\000T\000O\000P\000T\000W\000R\000o\000u\000t\000e\000\040\000C\000l\000a\000s\000s\000\040\000R\000e\000f\000e\000r\000e\000n\000c\000e}{chapter.6}% 162
\BOOKMARK [2][-]{subsection.6.10.1}{\376\377\0006\000.\0001\0000\000.\0001\000\040\000D\000e\000t\000a\000i\000l\000e\000d\000\040\000D\000e\000s\000c\000r\000i\000p\000t\000i\000o\000n}{section.6.10}% 163
\BOOKMARK [2][-]{subsection.6.10.2}{\376\377\0006\000.\0001\0000\000.\0002\000\040\000M\000e\000m\000b\000e\000r\000\040\000F\000u\000n\000c\000t\000i\000o\000n\000\040\000D\000o\000c\000u\000m\000e\000n\000t\000a\000t\000i\000o\000n}{section.6.10}% 164
\BOOKMARK [3][-]{subsubsection.6.10.2.1}{\376\377\0006\000.\0001\0000\000.\0002\000.\0001\000\040\000g\000e\000t\000I\000d\000\050\000\051}{subsection.6.10.2}% 165
\BOOKMARK [3][-]{subsubsection.6.10.2.2}{\376\377\0006\000.\0001\0000\000.\0002\000.\0002\000\040\000g\000e\000t\000P\000r\000e\000d\000e\000c\000c\000e\000s\000o\000r\000\050\000\051}{subsection.6.10.2}% 166
\BOOKMARK [3][-]{subsubsection.6.10.2.3}{\376\377\0006\000.\0001\0000\000.\0002\000.\0003\000\040\000g\000e\000t\000S\000u\000c\000c\000e\000s\000o\000r\000\050\000\051}{subsection.6.10.2}% 167
\BOOKMARK [3][-]{subsubsection.6.10.2.4}{\376\377\0006\000.\0001\0000\000.\0002\000.\0004\000\040\000s\000e\000t\000I\000d\000\050\000\051}{subsection.6.10.2}% 168
\BOOKMARK [3][-]{subsubsection.6.10.2.5}{\376\377\0006\000.\0001\0000\000.\0002\000.\0005\000\040\000s\000e\000t\000P\000r\000e\000d\000e\000c\000c\000e\000s\000o\000r\000\050\000\051}{subsection.6.10.2}% 169
\BOOKMARK [3][-]{subsubsection.6.10.2.6}{\376\377\0006\000.\0001\0000\000.\0002\000.\0006\000\040\000s\000e\000t\000S\000u\000c\000c\000e\000s\000o\000r\000\050\000\051}{subsection.6.10.2}% 170
\BOOKMARK [1][-]{section.6.11}{\376\377\0006\000.\0001\0001\000\040\000t\000o\000p\000.\000T\000O\000P\000T\000W\000S\000o\000l\000u\000t\000i\000o\000n\000\040\000C\000l\000a\000s\000s\000\040\000R\000e\000f\000e\000r\000e\000n\000c\000e}{chapter.6}% 171
\BOOKMARK [2][-]{subsection.6.11.1}{\376\377\0006\000.\0001\0001\000.\0001\000\040\000D\000e\000t\000a\000i\000l\000e\000d\000\040\000D\000e\000s\000c\000r\000i\000p\000t\000i\000o\000n}{section.6.11}% 172
\BOOKMARK [2][-]{subsection.6.11.2}{\376\377\0006\000.\0001\0001\000.\0002\000\040\000C\000o\000n\000s\000t\000r\000u\000c\000t\000o\000r\000\040\000\046\000\040\000D\000e\000s\000t\000r\000u\000c\000t\000o\000r\000\040\000D\000o\000c\000u\000m\000e\000n\000t\000a\000t\000i\000o\000n}{section.6.11}% 173
\BOOKMARK [3][-]{subsubsection.6.11.2.1}{\376\377\0006\000.\0001\0001\000.\0002\000.\0001\000\040\000T\000O\000P\000T\000W\000S\000o\000l\000u\000t\000i\000o\000n\000\050\000\051}{subsection.6.11.2}% 174
\BOOKMARK [2][-]{subsection.6.11.3}{\376\377\0006\000.\0001\0001\000.\0003\000\040\000M\000e\000m\000b\000e\000r\000\040\000F\000u\000n\000c\000t\000i\000o\000n\000\040\000D\000o\000c\000u\000m\000e\000n\000t\000a\000t\000i\000o\000n}{section.6.11}% 175
\BOOKMARK [3][-]{subsubsection.6.11.3.1}{\376\377\0006\000.\0001\0001\000.\0003\000.\0001\000\040\000a\000d\000d\000R\000o\000u\000t\000e\000\050\000\051}{subsection.6.11.3}% 176
\BOOKMARK [3][-]{subsubsection.6.11.3.2}{\376\377\0006\000.\0001\0001\000.\0003\000.\0002\000\040\000e\000q\000u\000a\000l\000s\000\050\000\051}{subsection.6.11.3}% 177
\BOOKMARK [3][-]{subsubsection.6.11.3.3}{\376\377\0006\000.\0001\0001\000.\0003\000.\0003\000\040\000e\000v\000a\000l\000u\000a\000t\000e\000F\000i\000t\000n\000e\000s\000s\000\050\000\051}{subsection.6.11.3}% 178
\BOOKMARK [3][-]{subsubsection.6.11.3.4}{\376\377\0006\000.\0001\0001\000.\0003\000.\0004\000\040\000g\000e\000t\000A\000v\000a\000i\000l\000a\000b\000l\000e\000V\000e\000h\000i\000c\000l\000e\000s\000\050\000\051}{subsection.6.11.3}% 179
\BOOKMARK [3][-]{subsubsection.6.11.3.5}{\376\377\0006\000.\0001\0001\000.\0003\000.\0005\000\040\000g\000e\000t\000C\000r\000e\000a\000t\000e\000d\000R\000o\000u\000t\000e\000s\000\050\000\051}{subsection.6.11.3}% 180
\BOOKMARK [3][-]{subsubsection.6.11.3.6}{\376\377\0006\000.\0001\0001\000.\0003\000.\0006\000\040\000g\000e\000t\000D\000i\000s\000t\000a\000n\000c\000e\000\050\000\051}{subsection.6.11.3}% 181
\BOOKMARK [3][-]{subsubsection.6.11.3.7}{\376\377\0006\000.\0001\0001\000.\0003\000.\0007\000\040\000g\000e\000t\000I\000n\000d\000e\000x\000\050\000\051}{subsection.6.11.3}% 182
\BOOKMARK [3][-]{subsubsection.6.11.3.8}{\376\377\0006\000.\0001\0001\000.\0003\000.\0008\000\040\000g\000e\000t\000I\000n\000d\000e\000x\000R\000o\000u\000t\000e\000\050\000\051}{subsection.6.11.3}% 183
\BOOKMARK [3][-]{subsubsection.6.11.3.9}{\376\377\0006\000.\0001\0001\000.\0003\000.\0009\000\040\000g\000e\000t\000I\000n\000f\000o\000S\000o\000l\000u\000t\000i\000o\000n\000\050\000\051}{subsection.6.11.3}% 184
\BOOKMARK [3][-]{subsubsection.6.11.3.10}{\376\377\0006\000.\0001\0001\000.\0003\000.\0001\0000\000\040\000g\000e\000t\000O\000b\000j\000e\000c\000t\000i\000v\000e\000F\000u\000n\000c\000t\000i\000o\000n\000V\000a\000l\000u\000e\000\050\000\051}{subsection.6.11.3}% 185
\BOOKMARK [3][-]{subsubsection.6.11.3.11}{\376\377\0006\000.\0001\0001\000.\0003\000.\0001\0001\000\040\000g\000e\000t\000P\000o\000s\000i\000t\000i\000o\000n\000I\000n\000R\000o\000u\000t\000e\000\050\000\051}{subsection.6.11.3}% 186
\BOOKMARK [3][-]{subsubsection.6.11.3.12}{\376\377\0006\000.\0001\0001\000.\0003\000.\0001\0002\000\040\000g\000e\000t\000P\000r\000e\000d\000e\000c\000e\000s\000s\000o\000r\000\050\000\051}{subsection.6.11.3}% 187
\BOOKMARK [3][-]{subsubsection.6.11.3.13}{\376\377\0006\000.\0001\0001\000.\0003\000.\0001\0003\000\040\000g\000e\000t\000P\000r\000e\000d\000e\000c\000e\000s\000s\000o\000r\000s\000\050\000\051}{subsection.6.11.3}% 188
\BOOKMARK [3][-]{subsubsection.6.11.3.14}{\376\377\0006\000.\0001\0001\000.\0003\000.\0001\0004\000\040\000g\000e\000t\000P\000r\000o\000b\000l\000e\000m\000\050\000\051}{subsection.6.11.3}% 189
\BOOKMARK [3][-]{subsubsection.6.11.3.15}{\376\377\0006\000.\0001\0001\000.\0003\000.\0001\0005\000\040\000g\000e\000t\000S\000u\000c\000c\000e\000s\000s\000o\000r\000\050\000\051}{subsection.6.11.3}% 190
\BOOKMARK [3][-]{subsubsection.6.11.3.16}{\376\377\0006\000.\0001\0001\000.\0003\000.\0001\0006\000\040\000g\000e\000t\000S\000u\000c\000c\000e\000s\000s\000o\000r\000s\000\050\000\051}{subsection.6.11.3}% 191
\BOOKMARK [3][-]{subsubsection.6.11.3.17}{\376\377\0006\000.\0001\0001\000.\0003\000.\0001\0007\000\040\000g\000e\000t\000W\000a\000i\000t\000i\000n\000g\000T\000i\000m\000e\000\050\000\051}{subsection.6.11.3}% 192
\BOOKMARK [3][-]{subsubsection.6.11.3.18}{\376\377\0006\000.\0001\0001\000.\0003\000.\0001\0008\000\040\000i\000n\000i\000t\000S\000o\000l\000u\000t\000i\000o\000n\000\050\000\051}{subsection.6.11.3}% 193
\BOOKMARK [3][-]{subsubsection.6.11.3.19}{\376\377\0006\000.\0001\0001\000.\0003\000.\0001\0009\000\040\000i\000s\000D\000e\000p\000o\000t\000\050\000\051}{subsection.6.11.3}% 194
\BOOKMARK [3][-]{subsubsection.6.11.3.20}{\376\377\0006\000.\0001\0001\000.\0003\000.\0002\0000\000\040\000p\000r\000i\000n\000t\000S\000o\000l\000u\000t\000i\000o\000n\000\050\000\051}{subsection.6.11.3}% 195
\BOOKMARK [3][-]{subsubsection.6.11.3.21}{\376\377\0006\000.\0001\0001\000.\0003\000.\0002\0001\000\040\000s\000e\000t\000A\000v\000a\000i\000l\000a\000b\000l\000e\000V\000e\000h\000i\000c\000l\000e\000s\000\050\000\051}{subsection.6.11.3}% 196
\BOOKMARK [3][-]{subsubsection.6.11.3.22}{\376\377\0006\000.\0001\0001\000.\0003\000.\0002\0002\000\040\000s\000e\000t\000O\000b\000j\000e\000c\000t\000i\000v\000e\000F\000u\000n\000c\000t\000i\000o\000n\000V\000a\000l\000u\000e\000\050\000\051}{subsection.6.11.3}% 197
\BOOKMARK [3][-]{subsubsection.6.11.3.23}{\376\377\0006\000.\0001\0001\000.\0003\000.\0002\0003\000\040\000s\000e\000t\000P\000o\000s\000i\000t\000i\000o\000n\000I\000n\000R\000o\000u\000t\000e\000\050\000\051}{subsection.6.11.3}% 198
\BOOKMARK [3][-]{subsubsection.6.11.3.24}{\376\377\0006\000.\0001\0001\000.\0003\000.\0002\0004\000\040\000s\000e\000t\000P\000r\000e\000d\000e\000c\000e\000s\000s\000o\000r\000\050\000\051}{subsection.6.11.3}% 199
\BOOKMARK [3][-]{subsubsection.6.11.3.25}{\376\377\0006\000.\0001\0001\000.\0003\000.\0002\0005\000\040\000s\000e\000t\000S\000u\000c\000c\000e\000s\000s\000o\000r\000\050\000\051}{subsection.6.11.3}% 200
\BOOKMARK [3][-]{subsubsection.6.11.3.26}{\376\377\0006\000.\0001\0001\000.\0003\000.\0002\0006\000\040\000s\000e\000t\000W\000a\000i\000t\000i\000n\000g\000T\000i\000m\000e\000\050\000\051}{subsection.6.11.3}% 201
\BOOKMARK [2][-]{subsection.6.11.4}{\376\377\0006\000.\0001\0001\000.\0004\000\040\000M\000e\000m\000b\000e\000r\000\040\000D\000a\000t\000a\000\040\000D\000o\000c\000u\000m\000e\000n\000t\000a\000t\000i\000o\000n}{section.6.11}% 202
\BOOKMARK [3][-]{subsubsection.6.11.4.1}{\376\377\0006\000.\0001\0001\000.\0004\000.\0001\000\040\000a\000v\000a\000i\000l\000a\000b\000l\000e\000V\000e\000h\000i\000c\000l\000e\000s}{subsection.6.11.4}% 203
\BOOKMARK [3][-]{subsubsection.6.11.4.2}{\376\377\0006\000.\0001\0001\000.\0004\000.\0002\000\040\000N\000O\000\137\000I\000N\000I\000T\000I\000A\000L\000I\000Z\000E\000D}{subsection.6.11.4}% 204
\BOOKMARK [3][-]{subsubsection.6.11.4.3}{\376\377\0006\000.\0001\0001\000.\0004\000.\0003\000\040\000o\000b\000j\000e\000c\000t\000i\000v\000e\000F\000u\000n\000c\000t\000i\000o\000n\000V\000a\000l\000u\000e}{subsection.6.11.4}% 205
\BOOKMARK [3][-]{subsubsection.6.11.4.4}{\376\377\0006\000.\0001\0001\000.\0004\000.\0004\000\040\000p\000o\000s\000i\000t\000i\000o\000n\000I\000n\000R\000o\000u\000t\000e}{subsection.6.11.4}% 206
\BOOKMARK [3][-]{subsubsection.6.11.4.5}{\376\377\0006\000.\0001\0001\000.\0004\000.\0005\000\040\000p\000r\000e\000d\000e\000c\000e\000s\000s\000o\000r\000s}{subsection.6.11.4}% 207
\BOOKMARK [3][-]{subsubsection.6.11.4.6}{\376\377\0006\000.\0001\0001\000.\0004\000.\0006\000\040\000p\000r\000o\000b\000l\000e\000m}{subsection.6.11.4}% 208
\BOOKMARK [3][-]{subsubsection.6.11.4.7}{\376\377\0006\000.\0001\0001\000.\0004\000.\0007\000\040\000r\000o\000u\000t\000e\000s}{subsection.6.11.4}% 209
\BOOKMARK [3][-]{subsubsection.6.11.4.8}{\376\377\0006\000.\0001\0001\000.\0004\000.\0008\000\040\000s\000u\000c\000c\000e\000s\000s\000o\000r\000s}{subsection.6.11.4}% 210
\BOOKMARK [3][-]{subsubsection.6.11.4.9}{\376\377\0006\000.\0001\0001\000.\0004\000.\0009\000\040\000w\000a\000i\000t\000i\000n\000g\000T\000i\000m\000e}{subsection.6.11.4}% 211
\BOOKMARK [0][-]{chapter.7}{\376\377\0007\000\040\000F\000i\000l\000e\000\040\000D\000o\000c\000u\000m\000e\000n\000t\000a\000t\000i\000o\000n}{}% 212
\BOOKMARK [1][-]{section.7.1}{\376\377\0007\000.\0001\000\040\000s\000r\000c\000/\000m\000a\000i\000n\000/\000j\000a\000v\000a\000/\000e\000s\000/\000u\000l\000l\000/\000e\000s\000i\000t\000/\000u\000t\000i\000l\000i\000t\000i\000e\000s\000/\000B\000e\000l\000l\000m\000a\000n\000F\000o\000r\000d\000.\000j\000a\000v\000a\000\040\000F\000i\000l\000e\000\040\000R\000e\000f\000e\000r\000e\000n\000c\000e}{chapter.7}% 213
\BOOKMARK [1][-]{section.7.2}{\376\377\0007\000.\0002\000\040\000s\000r\000c\000/\000m\000a\000i\000n\000/\000j\000a\000v\000a\000/\000e\000s\000/\000u\000l\000l\000/\000e\000s\000i\000t\000/\000u\000t\000i\000l\000i\000t\000i\000e\000s\000/\000E\000x\000p\000o\000s\000i\000t\000o\000U\000t\000i\000l\000i\000t\000i\000e\000s\000.\000j\000a\000v\000a\000\040\000F\000i\000l\000e\000\040\000R\000e\000f\000e\000r\000e\000n\000c\000e}{chapter.7}% 214
\BOOKMARK [1][-]{section.7.3}{\376\377\0007\000.\0003\000\040\000s\000r\000c\000/\000m\000a\000i\000n\000/\000j\000a\000v\000a\000/\000e\000s\000/\000u\000l\000l\000/\000e\000s\000i\000t\000/\000u\000t\000i\000l\000i\000t\000i\000e\000s\000/\000P\000o\000w\000e\000r\000S\000e\000t\000.\000j\000a\000v\000a\000\040\000F\000i\000l\000e\000\040\000R\000e\000f\000e\000r\000e\000n\000c\000e}{chapter.7}% 215
\BOOKMARK [1][-]{section.7.4}{\376\377\0007\000.\0004\000\040\000s\000r\000c\000/\000m\000a\000i\000n\000/\000j\000a\000v\000a\000/\000e\000s\000/\000u\000l\000l\000/\000e\000s\000i\000t\000/\000u\000t\000i\000l\000s\000/\000P\000a\000i\000r\000.\000j\000a\000v\000a\000\040\000F\000i\000l\000e\000\040\000R\000e\000f\000e\000r\000e\000n\000c\000e}{chapter.7}% 216
\BOOKMARK [1][-]{section.7.5}{\376\377\0007\000.\0005\000\040\000s\000r\000c\000/\000m\000a\000i\000n\000/\000j\000a\000v\000a\000/\000t\000o\000p\000/\000m\000a\000i\000n\000T\000O\000P\000T\000W\000.\000j\000a\000v\000a\000\040\000F\000i\000l\000e\000\040\000R\000e\000f\000e\000r\000e\000n\000c\000e}{chapter.7}% 217
\BOOKMARK [1][-]{section.7.6}{\376\377\0007\000.\0006\000\040\000s\000r\000c\000/\000m\000a\000i\000n\000/\000j\000a\000v\000a\000/\000t\000o\000p\000/\000T\000O\000P\000T\000W\000.\000j\000a\000v\000a\000\040\000F\000i\000l\000e\000\040\000R\000e\000f\000e\000r\000e\000n\000c\000e}{chapter.7}% 218
\BOOKMARK [1][-]{section.7.7}{\376\377\0007\000.\0007\000\040\000s\000r\000c\000/\000m\000a\000i\000n\000/\000j\000a\000v\000a\000/\000t\000o\000p\000/\000T\000O\000P\000T\000W\000E\000v\000a\000l\000u\000a\000t\000o\000r\000.\000j\000a\000v\000a\000\040\000F\000i\000l\000e\000\040\000R\000e\000f\000e\000r\000e\000n\000c\000e}{chapter.7}% 219
\BOOKMARK [1][-]{section.7.8}{\376\377\0007\000.\0008\000\040\000s\000r\000c\000/\000m\000a\000i\000n\000/\000j\000a\000v\000a\000/\000t\000o\000p\000/\000T\000O\000P\000T\000W\000G\000R\000A\000S\000P\000.\000j\000a\000v\000a\000\040\000F\000i\000l\000e\000\040\000R\000e\000f\000e\000r\000e\000n\000c\000e}{chapter.7}% 220
\BOOKMARK [1][-]{section.7.9}{\376\377\0007\000.\0009\000\040\000s\000r\000c\000/\000m\000a\000i\000n\000/\000j\000a\000v\000a\000/\000t\000o\000p\000/\000T\000O\000P\000T\000W\000R\000e\000a\000d\000e\000r\000.\000j\000a\000v\000a\000\040\000F\000i\000l\000e\000\040\000R\000e\000f\000e\000r\000e\000n\000c\000e}{chapter.7}% 221
\BOOKMARK [1][-]{section.7.10}{\376\377\0007\000.\0001\0000\000\040\000s\000r\000c\000/\000m\000a\000i\000n\000/\000j\000a\000v\000a\000/\000t\000o\000p\000/\000T\000O\000P\000T\000W\000R\000o\000u\000t\000e\000.\000j\000a\000v\000a\000\040\000F\000i\000l\000e\000\040\000R\000e\000f\000e\000r\000e\000n\000c\000e}{chapter.7}% 222
\BOOKMARK [1][-]{section.7.11}{\376\377\0007\000.\0001\0001\000\040\000s\000r\000c\000/\000m\000a\000i\000n\000/\000j\000a\000v\000a\000/\000t\000o\000p\000/\000T\000O\000P\000T\000W\000S\000o\000l\000u\000t\000i\000o\000n\000.\000j\000a\000v\000a\000\040\000F\000i\000l\000e\000\040\000R\000e\000f\000e\000r\000e\000n\000c\000e}{chapter.7}% 223
